0 info it worked if it ends with ok
1 verbose cli [ 'node', '/usr/local/bin/npm', 'install', '-g', 'ios-deploy' ]
2 info using npm@2.5.1
3 info using node@v0.12.0
4 verbose node symlink /usr/local/bin/node
5 silly cache add args [ 'ios-deploy', null ]
6 verbose cache add spec ios-deploy
7 silly cache add parsed spec { raw: 'ios-deploy',
7 silly cache add   scope: null,
7 silly cache add   name: 'ios-deploy',
7 silly cache add   rawSpec: '',
7 silly cache add   spec: '*',
7 silly cache add   type: 'range' }
8 verbose addNamed ios-deploy@*
9 silly addNamed semver.valid null
10 silly addNamed semver.validRange *
11 silly addNameRange { name: 'ios-deploy', range: '*', hasData: false }
12 silly mapToRegistry name ios-deploy
13 silly mapToRegistry using default registry
14 silly mapToRegistry registry https://registry.npmjs.org/
15 silly mapToRegistry uri https://registry.npmjs.org/ios-deploy
16 verbose addNameRange registry:https://registry.npmjs.org/ios-deploy not in flight; fetching
17 verbose request uri https://registry.npmjs.org/ios-deploy
18 verbose request no auth needed
19 info attempt registry request try #1 at 08:25:54
20 verbose request id 70ea3497be7236f2
21 http request GET https://registry.npmjs.org/ios-deploy
22 http 200 https://registry.npmjs.org/ios-deploy
23 silly get cb [ 200,
23 silly get   { server: 'CouchDB/1.5.0 (Erlang OTP/R16B03)',
23 silly get     etag: '"5M3SSXYG83KZMO6ZHVP386IJN"',
23 silly get     'content-type': 'application/json',
23 silly get     'cache-control': 'max-age=60',
23 silly get     'content-length': '29732',
23 silly get     'accept-ranges': 'bytes',
23 silly get     date: 'Fri, 09 Oct 2015 21:25:55 GMT',
23 silly get     via: '1.1 varnish',
23 silly get     age: '0',
23 silly get     connection: 'keep-alive',
23 silly get     'x-served-by': 'cache-mel6521-MEL',
23 silly get     'x-cache': 'MISS',
23 silly get     'x-cache-hits': '0',
23 silly get     'x-timer': 'S1444425954.916052,VS0,VE1042',
23 silly get     vary: 'Accept' } ]
24 verbose get saving ios-deploy to /Users/richardtan/.npm/registry.npmjs.org/ios-deploy/.cache.json
25 silly addNameRange number 2 { name: 'ios-deploy', range: '*', hasData: true }
26 silly addNameRange versions [ 'ios-deploy',
26 silly addNameRange   [ '1.0.1',
26 silly addNameRange     '1.0.2',
26 silly addNameRange     '1.0.3',
26 silly addNameRange     '1.0.4',
26 silly addNameRange     '1.0.5',
26 silly addNameRange     '1.0.6',
26 silly addNameRange     '1.0.7',
26 silly addNameRange     '1.0.8',
26 silly addNameRange     '1.0.9',
26 silly addNameRange     '1.1.0',
26 silly addNameRange     '1.2.0',
26 silly addNameRange     '1.3.0',
26 silly addNameRange     '1.3.1',
26 silly addNameRange     '1.3.2',
26 silly addNameRange     '1.4.0',
26 silly addNameRange     '1.5.0',
26 silly addNameRange     '1.6.0',
26 silly addNameRange     '1.6.1',
26 silly addNameRange     '1.6.2',
26 silly addNameRange     '1.6.3',
26 silly addNameRange     '1.7.0',
26 silly addNameRange     '1.8.0',
26 silly addNameRange     '1.8.1' ] ]
27 verbose addNamed ios-deploy@1.8.1
28 silly addNamed semver.valid 1.8.1
29 silly addNamed semver.validRange 1.8.1
30 silly mapToRegistry name ios-deploy
31 silly mapToRegistry using default registry
32 silly mapToRegistry registry https://registry.npmjs.org/
33 silly mapToRegistry uri https://registry.npmjs.org/ios-deploy
34 verbose addRemoteTarball https://registry.npmjs.org/ios-deploy/-/ios-deploy-1.8.1.tgz not in flight; adding
35 verbose addRemoteTarball [ 'https://registry.npmjs.org/ios-deploy/-/ios-deploy-1.8.1.tgz',
35 verbose addRemoteTarball   '56f461bd25e58d59ddf8bdf96bfd57138a1e5652' ]
36 info retry fetch attempt 1 at 08:25:56
37 info attempt registry request try #1 at 08:25:56
38 http fetch GET https://registry.npmjs.org/ios-deploy/-/ios-deploy-1.8.1.tgz
39 http fetch 200 https://registry.npmjs.org/ios-deploy/-/ios-deploy-1.8.1.tgz
40 silly fetchAndShaCheck shasum 56f461bd25e58d59ddf8bdf96bfd57138a1e5652
41 verbose addTmpTarball /var/folders/2w/1n6l9qzx6rn58038g0bzrmr80000gn/T/npm-55869-534e5991/registry.npmjs.org/ios-deploy/-/ios-deploy-1.8.1.tgz not in flight; adding
42 verbose addTmpTarball already have metadata; skipping unpack for ios-deploy@1.8.1
43 silly cache afterAdd ios-deploy@1.8.1
44 verbose afterAdd /Users/richardtan/.npm/ios-deploy/1.8.1/package/package.json not in flight; writing
45 verbose afterAdd /Users/richardtan/.npm/ios-deploy/1.8.1/package/package.json written
46 silly install resolved [ { name: 'ios-deploy',
46 silly install resolved     version: '1.8.1',
46 silly install resolved     os: [ 'darwin' ],
46 silly install resolved     description: 'launch iOS apps iOS devices from the command line (Xcode 7)',
46 silly install resolved     main: 'ios-deploy',
46 silly install resolved     scripts: { preinstall: './check_reqs.js && xcodebuild' },
46 silly install resolved     bin: { 'ios-deploy': './build/Release/ios-deploy' },
46 silly install resolved     repository:
46 silly install resolved      { type: 'git',
46 silly install resolved        url: 'git+https://github.com/phonegap/ios-deploy.git' },
46 silly install resolved     keywords: [ 'ios-deploy', 'deploy to iOS device' ],
46 silly install resolved     author: { name: 'Greg Hughes' },
46 silly install resolved     license: 'GPLv3',
46 silly install resolved     gitHead: '23ea3b7097b7ebdea2fcbc73b12766d7bf47d595',
46 silly install resolved     bugs: { url: 'https://github.com/phonegap/ios-deploy/issues' },
46 silly install resolved     homepage: 'https://github.com/phonegap/ios-deploy#readme',
46 silly install resolved     _id: 'ios-deploy@1.8.1',
46 silly install resolved     _shasum: '56f461bd25e58d59ddf8bdf96bfd57138a1e5652',
46 silly install resolved     _from: 'ios-deploy@*',
46 silly install resolved     _npmVersion: '2.11.3',
46 silly install resolved     _nodeVersion: '0.12.7',
46 silly install resolved     _npmUser: { name: 'shazron', email: 'shazron@gmail.com' },
46 silly install resolved     dist:
46 silly install resolved      { shasum: '56f461bd25e58d59ddf8bdf96bfd57138a1e5652',
46 silly install resolved        tarball: 'http://registry.npmjs.org/ios-deploy/-/ios-deploy-1.8.1.tgz' },
46 silly install resolved     maintainers: [ [Object], [Object], [Object] ],
46 silly install resolved     directories: {},
46 silly install resolved     _resolved: 'https://registry.npmjs.org/ios-deploy/-/ios-deploy-1.8.1.tgz' } ]
47 info install ios-deploy@1.8.1 into /usr/local/lib
48 info installOne ios-deploy@1.8.1
49 verbose installOne of ios-deploy to /usr/local/lib not in flight; installing
50 verbose lock using /Users/richardtan/.npm/_locks/ios-deploy-198957223cd98201.lock for /usr/local/lib/node_modules/ios-deploy
51 silly install write writing ios-deploy 1.8.1 to /usr/local/lib/node_modules/ios-deploy
52 silly cache addNamed cb ios-deploy@1.8.1
53 verbose unbuild lib/node_modules/ios-deploy
54 verbose gentlyRm vacuuming /usr/local/lib/node_modules/ios-deploy
55 verbose tar unpack /Users/richardtan/.npm/ios-deploy/1.8.1/package.tgz
56 verbose tar unpacking to /usr/local/lib/node_modules/ios-deploy
57 verbose gentlyRm vacuuming /usr/local/lib/node_modules/ios-deploy
58 silly gunzTarPerm modes [ '755', '644' ]
59 silly gunzTarPerm extractEntry package.json
60 silly gunzTarPerm extractEntry .npmignore
61 silly gunzTarPerm extractEntry README.md
62 silly gunzTarPerm extractEntry LICENSE
63 silly gunzTarPerm extractEntry check_reqs.js
64 silly gunzTarPerm extractEntry CONTRIBUTING.md
65 silly gunzTarPerm extractEntry demo/.npmignore
66 silly gunzTarPerm extractEntry demo/Entitlements.plist
67 silly gunzTarPerm extractEntry demo/Info.plist
68 silly gunzTarPerm extractEntry demo/Makefile
69 silly gunzTarPerm extractEntry demo/ResourceRules.plist
70 silly gunzTarPerm extractEntry demo/demo.c
71 silly gunzTarPerm extractEntry ios-deploy.xcodeproj/project.pbxproj
72 silly gunzTarPerm extractEntry src/MobileDevice.h
73 silly gunzTarPerm extractEntry src/errors.h
74 silly gunzTarPerm extractEntry src/ios-deploy.c
75 info preinstall ios-deploy@1.8.1
76 verbose unsafe-perm in lifecycle true
77 info ios-deploy@1.8.1 Failed to exec preinstall script
78 verbose unlock done using /Users/richardtan/.npm/_locks/ios-deploy-198957223cd98201.lock for /usr/local/lib/node_modules/ios-deploy
79 verbose stack Error: ios-deploy@1.8.1 preinstall: `./check_reqs.js && xcodebuild`
79 verbose stack Exit status 1
79 verbose stack     at EventEmitter.<anonymous> (/usr/local/lib/node_modules/npm/lib/utils/lifecycle.js:213:16)
79 verbose stack     at EventEmitter.emit (events.js:110:17)
79 verbose stack     at ChildProcess.<anonymous> (/usr/local/lib/node_modules/npm/lib/utils/spawn.js:14:12)
79 verbose stack     at ChildProcess.emit (events.js:110:17)
79 verbose stack     at maybeClose (child_process.js:1008:16)
79 verbose stack     at Process.ChildProcess._handle.onexit (child_process.js:1080:5)
80 verbose pkgid ios-deploy@1.8.1
81 verbose cwd /Users/richardtan/Desktop/projects/househunter
82 error Darwin 13.4.0
83 error argv "node" "/usr/local/bin/npm" "install" "-g" "ios-deploy"
84 error node v0.12.0
85 error npm  v2.5.1
86 error code ELIFECYCLE
87 error ios-deploy@1.8.1 preinstall: `./check_reqs.js && xcodebuild`
87 error Exit status 1
88 error Failed at the ios-deploy@1.8.1 preinstall script './check_reqs.js && xcodebuild'.
88 error This is most likely a problem with the ios-deploy package,
88 error not with npm itself.
88 error Tell the author that this fails on your system:
88 error     ./check_reqs.js && xcodebuild
88 error You can get their info via:
88 error     npm owner ls ios-deploy
88 error There is likely additional logging output above.
89 verbose exit [ 1, true ]
90 verbose unbuild lib/node_modules/ios-deploy
91 info preuninstall ios-deploy@1.8.1
92 info uninstall ios-deploy@1.8.1
93 verbose unbuild rmStuff ios-deploy@1.8.1 from /usr/local/lib/node_modules
94 verbose gentlyRm verifying that /usr/local is managed by npm
95 silly isManaged /usr/local is not inside /usr/local/lib/node_modules
96 silly isManaged /usr/local is not inside /usr/local/lib/node_modules
97 silly isManaged /usr/local/bin is inside /usr/local
98 silly gentlyRm /usr/local is managed by npm
99 silly gentlyRm /usr/local/bin/ios-deploy is under /usr/local
100 verbose gentlyRm vacuuming /usr/local/bin/ios-deploy up to /usr/local
101 info postuninstall ios-deploy@1.8.1
102 verbose gentlyRm vacuuming /usr/local/lib/node_modules/ios-deploy
103 silly gentlyRm purging /usr/local/lib/node_modules/ios-deploy
104 silly gentlyRm quitting because other entries in /usr/local/lib/node_modules
